# JRE version: OpenJDK Runtime Environment Temurin-21.0.6+7 (21.0.6+7) (build 21.0.6+7-LTS)
# Java VM: OpenJDK 64-Bit Server VM Temurin-21.0.6+7 (21.0.6+7-LTS, mixed mode, sharing, tiered, compressed oops, compressed class ptrs, parallel gc, linux-amd64)
GC Precious Log:
 CardTable entry size: 512
 CPUs: 16 total, 8 available
 Memory: 9817M
 Large Page Support: Disabled
 NUMA Support: Disabled
 Compressed Oops: Enabled (32-bit)
 Alignments: Space 512K, Generation 512K, Heap 2M
 Heap Min Capacity: 100M
 Heap Initial Capacity: 100M
 Heap Max Capacity: 1G
 Pre-touch: Disabled
 Parallel Workers: 8
Heap:
 PSYoungGen      total 24576K, used 11712K [0x00000000eab00000, 0x00000000ed000000, 0x0000000100000000)
  eden space 13312K, 4% used [0x00000000eab00000,0x00000000eab872f0,0x00000000eb800000)
  from space 11264K, 99% used [0x00000000ec500000,0x00000000ecfe8d18,0x00000000ed000000)
  to   space 12288K, 0% used [0x00000000eb800000,0x00000000eb800000,0x00000000ec400000)
 ParOldGen       total 406016K, used 405862K [0x00000000c0000000, 0x00000000d8c80000, 0x00000000eab00000)
  object space 406016K, 99% used [0x00000000c0000000,0x00000000d8c59bb8,0x00000000d8c80000)
 Metaspace       used 62867K, committed 64128K, reserved 1114112K
  class space    used 6680K, committed 7232K, reserved 1048576K
GC Heap History (20 events):
Event: 15,048 GC heap before
{Heap before GC invocations=240 (full 3):
 PSYoungGen      total 12288K, used 12222K [0x00000000eab00000, 0x00000000ebc80000, 0x0000000100000000)
  eden space 9216K, 100% used [0x00000000eab00000,0x00000000eb400000,0x00000000eb400000)
  from space 3072K, 97% used [0x00000000eb980000,0x00000000ebc6f990,0x00000000ebc80000)
  to   space 4096K, 0% used [0x00000000eb480000,0x00000000eb480000,0x00000000eb880000)
 ParOldGen       total 335872K, used 335561K [0x00000000c0000000, 0x00000000d4800000, 0x00000000eab00000)
  object space 335872K, 99% used [0x00000000c0000000,0x00000000d47b2570,0x00000000d4800000)
 Metaspace       used 62821K, committed 64128K, reserved 1114112K
  class space    used 6679K, committed 7232K, reserved 1048576K
}
Event: 15,052 GC heap after
{Heap after GC invocations=240 (full 3):
 PSYoungGen      total 13824K, used 3756K [0x00000000eab00000, 0x00000000ebe00000, 0x0000000100000000)
  eden space 9728K, 0% used [0x00000000eab00000,0x00000000eab00000,0x00000000eb480000)
  from space 4096K, 91% used [0x00000000eb480000,0x00000000eb82b3b0,0x00000000eb880000)
  to   space 4096K, 0% used [0x00000000eba00000,0x00000000eba00000,0x00000000ebe00000)
 ParOldGen       total 338432K, used 338414K [0x00000000c0000000, 0x00000000d4a80000, 0x00000000eab00000)
  object space 338432K, 99% used [0x00000000c0000000,0x00000000d4a7bad8,0x00000000d4a80000)
 Metaspace       used 62821K, committed 64128K, reserved 1114112K
  class space    used 6679K, committed 7232K, reserved 1048576K
}
Event: 15,058 GC heap before
{Heap before GC invocations=241 (full 3):
 PSYoungGen      total 13824K, used 13427K [0x00000000eab00000, 0x00000000ebe00000, 0x0000000100000000)
  eden space 9728K, 99% used [0x00000000eab00000,0x00000000eb471a30,0x00000000eb480000)
  from space 4096K, 91% used [0x00000000eb480000,0x00000000eb82b3b0,0x00000000eb880000)
  to   space 4096K, 0% used [0x00000000eba00000,0x00000000eba00000,0x00000000ebe00000)
 ParOldGen       total 338432K, used 338414K [0x00000000c0000000, 0x00000000d4a80000, 0x00000000eab00000)
  object space 338432K, 99% used [0x00000000c0000000,0x00000000d4a7bad8,0x00000000d4a80000)
 Metaspace       used 62821K, committed 64128K, reserved 1114112K
  class space    used 6679K, committed 7232K, reserved 1048576K
}
Event: 15,063 GC heap after
{Heap after GC invocations=241 (full 3):
 PSYoungGen      total 14848K, used 4066K [0x00000000eab00000, 0x00000000ebf80000, 0x0000000100000000)
  eden space 10752K, 0% used [0x00000000eab00000,0x00000000eab00000,0x00000000eb580000)
  from space 4096K, 99% used [0x00000000eba00000,0x00000000ebdf8a28,0x00000000ebe00000)
  to   space 4608K, 0% used [0x00000000eb580000,0x00000000eb580000,0x00000000eba00000)
 ParOldGen       total 342528K, used 342060K [0x00000000c0000000, 0x00000000d4e80000, 0x00000000eab00000)
  object space 342528K, 99% used [0x00000000c0000000,0x00000000d4e0b2c0,0x00000000d4e80000)
 Metaspace       used 62821K, committed 64128K, reserved 1114112K
  class space    used 6679K, committed 7232K, reserved 1048576K
}
Event: 15,078 GC heap before
{Heap before GC invocations=242 (full 3):
 PSYoungGen      total 14848K, used 14818K [0x00000000eab00000, 0x00000000ebf80000, 0x0000000100000000)
  eden space 10752K, 100% used [0x00000000eab00000,0x00000000eb580000,0x00000000eb580000)
  from space 4096K, 99% used [0x00000000eba00000,0x00000000ebdf8a28,0x00000000ebe00000)
  to   space 4608K, 0% used [0x00000000eb580000,0x00000000eb580000,0x00000000eba00000)
 ParOldGen       total 342528K, used 342060K [0x00000000c0000000, 0x00000000d4e80000, 0x00000000eab00000)
  object space 342528K, 99% used [0x00000000c0000000,0x00000000d4e0b2c0,0x00000000d4e80000)
 Metaspace       used 62821K, committed 64128K, reserved 1114112K
  class space    used 6679K, committed 7232K, reserved 1048576K
}
Event: 15,082 GC heap after
{Heap after GC invocations=242 (full 3):
 PSYoungGen      total 15360K, used 3745K [0x00000000eab00000, 0x00000000ec000000, 0x0000000100000000)
  eden space 10752K, 0% used [0x00000000eab00000,0x00000000eab00000,0x00000000eb580000)
  from space 4608K, 81% used [0x00000000eb580000,0x00000000eb928740,0x00000000eba00000)
  to   space 4096K, 0% used [0x00000000ebc00000,0x00000000ebc00000,0x00000000ec000000)
 ParOldGen       total 346112K, used 345963K [0x00000000c0000000, 0x00000000d5200000, 0x00000000eab00000)
  object space 346112K, 99% used [0x00000000c0000000,0x00000000d51dad10,0x00000000d5200000)
 Metaspace       used 62821K, committed 64128K, reserved 1114112K
  class space    used 6679K, committed 7232K, reserved 1048576K
}
Event: 15,191 GC heap before
{Heap before GC invocations=243 (full 3):
 PSYoungGen      total 15360K, used 14497K [0x00000000eab00000, 0x00000000ec000000, 0x0000000100000000)
  eden space 10752K, 100% used [0x00000000eab00000,0x00000000eb580000,0x00000000eb580000)
  from space 4608K, 81% used [0x00000000eb580000,0x00000000eb928740,0x00000000eba00000)
  to   space 4096K, 0% used [0x00000000ebc00000,0x00000000ebc00000,0x00000000ec000000)
 ParOldGen       total 346112K, used 345963K [0x00000000c0000000, 0x00000000d5200000, 0x00000000eab00000)
  object space 346112K, 99% used [0x00000000c0000000,0x00000000d51dad10,0x00000000d5200000)
 Metaspace       used 62836K, committed 64128K, reserved 1114112K
  class space    used 6680K, committed 7232K, reserved 1048576K
}
Event: 15,198 GC heap after
{Heap after GC invocations=243 (full 3):
 PSYoungGen      total 16384K, used 2930K [0x00000000eab00000, 0x00000000ebf00000, 0x0000000100000000)
  eden space 13312K, 0% used [0x00000000eab00000,0x00000000eab00000,0x00000000eb800000)
  from space 3072K, 95% used [0x00000000ebc00000,0x00000000ebedc8a0,0x00000000ebf00000)
  to   space 3584K, 0% used [0x00000000eb800000,0x00000000eb800000,0x00000000ebb80000)
 ParOldGen       total 349696K, used 349532K [0x00000000c0000000, 0x00000000d5580000, 0x00000000eab00000)
  object space 349696K, 99% used [0x00000000c0000000,0x00000000d5557260,0x00000000d5580000)
 Metaspace       used 62836K, committed 64128K, reserved 1114112K
  class space    used 6680K, committed 7232K, reserved 1048576K
}
Event: 15,352 GC heap before
{Heap before GC invocations=244 (full 3):
 PSYoungGen      total 16384K, used 16242K [0x00000000eab00000, 0x00000000ebf00000, 0x0000000100000000)
  eden space 13312K, 100% used [0x00000000eab00000,0x00000000eb800000,0x00000000eb800000)
  from space 3072K, 95% used [0x00000000ebc00000,0x00000000ebedc8a0,0x00000000ebf00000)
  to   space 3584K, 0% used [0x00000000eb800000,0x00000000eb800000,0x00000000ebb80000)
 ParOldGen       total 349696K, used 349532K [0x00000000c0000000, 0x00000000d5580000, 0x00000000eab00000)
  object space 349696K, 99% used [0x00000000c0000000,0x00000000d5557260,0x00000000d5580000)
 Metaspace       used 62841K, committed 64128K, reserved 1114112K
  class space    used 6680K, committed 7232K, reserved 1048576K
}
Event: 15,360 GC heap after
{Heap after GC invocations=244 (full 3):
 PSYoungGen      total 16896K, used 3574K [0x00000000eab00000, 0x00000000ed200000, 0x0000000100000000)
  eden space 13312K, 0% used [0x00000000eab00000,0x00000000eab00000,0x00000000eb800000)
  from space 3584K, 99% used [0x00000000eb800000,0x00000000ebb7d800,0x00000000ebb80000)
  to   space 11776K, 0% used [0x00000000ec680000,0x00000000ec680000,0x00000000ed200000)
 ParOldGen       total 356352K, used 356119K [0x00000000c0000000, 0x00000000d5c00000, 0x00000000eab00000)
  object space 356352K, 99% used [0x00000000c0000000,0x00000000d5bc5cd0,0x00000000d5c00000)
 Metaspace       used 62841K, committed 64128K, reserved 1114112K
  class space    used 6680K, committed 7232K, reserved 1048576K
}
Event: 15,503 GC heap before
{Heap before GC invocations=245 (full 3):
 PSYoungGen      total 16896K, used 16886K [0x00000000eab00000, 0x00000000ed200000, 0x0000000100000000)
  eden space 13312K, 100% used [0x00000000eab00000,0x00000000eb800000,0x00000000eb800000)
  from space 3584K, 99% used [0x00000000eb800000,0x00000000ebb7d800,0x00000000ebb80000)
  to   space 11776K, 0% used [0x00000000ec680000,0x00000000ec680000,0x00000000ed200000)
 ParOldGen       total 356352K, used 356119K [0x00000000c0000000, 0x00000000d5c00000, 0x00000000eab00000)
  object space 356352K, 99% used [0x00000000c0000000,0x00000000d5bc5cd0,0x00000000d5c00000)
 Metaspace       used 62841K, committed 64128K, reserved 1114112K
  class space    used 6680K, committed 7232K, reserved 1048576K
}
Event: 15,513 GC heap after
{Heap after GC invocations=245 (full 3):
 PSYoungGen      total 25088K, used 11774K [0x00000000eab00000, 0x00000000ed500000, 0x0000000100000000)
  eden space 13312K, 0% used [0x00000000eab00000,0x00000000eab00000,0x00000000eb800000)
  from space 11776K, 99% used [0x00000000ec680000,0x00000000ed1ffb10,0x00000000ed200000)
  to   space 14848K, 0% used [0x00000000eb800000,0x00000000eb800000,0x00000000ec680000)
 ParOldGen       total 358400K, used 358131K [0x00000000c0000000, 0x00000000d5e00000, 0x00000000eab00000)
  object space 358400K, 99% used [0x00000000c0000000,0x00000000d5dbccc8,0x00000000d5e00000)
 Metaspace       used 62841K, committed 64128K, reserved 1114112K
  class space    used 6680K, committed 7232K, reserved 1048576K
}
Event: 15,685 GC heap before
{Heap before GC invocations=246 (full 3):
 PSYoungGen      total 25088K, used 25086K [0x00000000eab00000, 0x00000000ed500000, 0x0000000100000000)
  eden space 13312K, 100% used [0x00000000eab00000,0x00000000eb800000,0x00000000eb800000)
  from space 11776K, 99% used [0x00000000ec680000,0x00000000ed1ffb10,0x00000000ed200000)
  to   space 14848K, 0% used [0x00000000eb800000,0x00000000eb800000,0x00000000ec680000)
 ParOldGen       total 358400K, used 358131K [0x00000000c0000000, 0x00000000d5e00000, 0x00000000eab00000)
  object space 358400K, 99% used [0x00000000c0000000,0x00000000d5dbccc8,0x00000000d5e00000)
 Metaspace       used 62841K, committed 64128K, reserved 1114112K
  class space    used 6680K, committed 7232K, reserved 1048576K
}
Event: 15,701 GC heap after
{Heap after GC invocations=246 (full 3):
 PSYoungGen      total 26624K, used 13229K [0x00000000eab00000, 0x00000000ed300000, 0x0000000100000000)
  eden space 13312K, 0% used [0x00000000eab00000,0x00000000eab00000,0x00000000eb800000)
  from space 13312K, 99% used [0x00000000eb800000,0x00000000ec4eb520,0x00000000ec500000)
  to   space 13824K, 0% used [0x00000000ec580000,0x00000000ec580000,0x00000000ed300000)
 ParOldGen       total 367104K, used 366682K [0x00000000c0000000, 0x00000000d6680000, 0x00000000eab00000)
  object space 367104K, 99% used [0x00000000c0000000,0x00000000d6616940,0x00000000d6680000)
 Metaspace       used 62841K, committed 64128K, reserved 1114112K
  class space    used 6680K, committed 7232K, reserved 1048576K
}
Event: 15,888 GC heap before
{Heap before GC invocations=247 (full 3):
 PSYoungGen      total 26624K, used 26463K [0x00000000eab00000, 0x00000000ed300000, 0x0000000100000000)
  eden space 13312K, 99% used [0x00000000eab00000,0x00000000eb7ec7d0,0x00000000eb800000)
  from space 13312K, 99% used [0x00000000eb800000,0x00000000ec4eb520,0x00000000ec500000)
  to   space 13824K, 0% used [0x00000000ec580000,0x00000000ec580000,0x00000000ed300000)
 ParOldGen       total 367104K, used 366682K [0x00000000c0000000, 0x00000000d6680000, 0x00000000eab00000)
  object space 367104K, 99% used [0x00000000c0000000,0x00000000d6616940,0x00000000d6680000)
 Metaspace       used 62841K, committed 64128K, reserved 1114112K
  class space    used 6680K, committed 7232K, reserved 1048576K
}
Event: 15,910 GC heap after
{Heap after GC invocations=247 (full 3):
 PSYoungGen      total 26624K, used 13242K [0x00000000eab00000, 0x00000000ed280000, 0x0000000100000000)
  eden space 13312K, 0% used [0x00000000eab00000,0x00000000eab00000,0x00000000eb800000)
  from space 13312K, 99% used [0x00000000ec580000,0x00000000ed26e8f0,0x00000000ed280000)
  to   space 13312K, 0% used [0x00000000eb800000,0x00000000eb800000,0x00000000ec500000)
 ParOldGen       total 379904K, used 379561K [0x00000000c0000000, 0x00000000d7300000, 0x00000000eab00000)
  object space 379904K, 99% used [0x00000000c0000000,0x00000000d72aa6c8,0x00000000d7300000)
 Metaspace       used 62841K, committed 64128K, reserved 1114112K
  class space    used 6680K, committed 7232K, reserved 1048576K
}
Event: 16,145 GC heap before
{Heap before GC invocations=248 (full 3):
 PSYoungGen      total 26624K, used 26554K [0x00000000eab00000, 0x00000000ed280000, 0x0000000100000000)
  eden space 13312K, 100% used [0x00000000eab00000,0x00000000eb800000,0x00000000eb800000)
  from space 13312K, 99% used [0x00000000ec580000,0x00000000ed26e8f0,0x00000000ed280000)
  to   space 13312K, 0% used [0x00000000eb800000,0x00000000eb800000,0x00000000ec500000)
 ParOldGen       total 379904K, used 379561K [0x00000000c0000000, 0x00000000d7300000, 0x00000000eab00000)
  object space 379904K, 99% used [0x00000000c0000000,0x00000000d72aa6c8,0x00000000d7300000)
 Metaspace       used 62841K, committed 64128K, reserved 1114112K
  class space    used 6680K, committed 7232K, reserved 1048576K
}
Event: 16,165 GC heap after
{Heap after GC invocations=248 (full 3):
 PSYoungGen      total 26624K, used 13108K [0x00000000eab00000, 0x00000000ed200000, 0x0000000100000000)
  eden space 13312K, 0% used [0x00000000eab00000,0x00000000eab00000,0x00000000eb800000)
  from space 13312K, 98% used [0x00000000eb800000,0x00000000ec4cd158,0x00000000ec500000)
  to   space 13312K, 0% used [0x00000000ec500000,0x00000000ec500000,0x00000000ed200000)
 ParOldGen       total 394240K, used 393989K [0x00000000c0000000, 0x00000000d8100000, 0x00000000eab00000)
  object space 394240K, 99% used [0x00000000c0000000,0x00000000d80c1780,0x00000000d8100000)
 Metaspace       used 62841K, committed 64128K, reserved 1114112K
  class space    used 6680K, committed 7232K, reserved 1048576K
}
Event: 16,389 GC heap before
{Heap before GC invocations=249 (full 3):
 PSYoungGen      total 26624K, used 26420K [0x00000000eab00000, 0x00000000ed200000, 0x0000000100000000)
  eden space 13312K, 100% used [0x00000000eab00000,0x00000000eb800000,0x00000000eb800000)
  from space 13312K, 98% used [0x00000000eb800000,0x00000000ec4cd158,0x00000000ec500000)
  to   space 13312K, 0% used [0x00000000ec500000,0x00000000ec500000,0x00000000ed200000)
 ParOldGen       total 394240K, used 393989K [0x00000000c0000000, 0x00000000d8100000, 0x00000000eab00000)
  object space 394240K, 99% used [0x00000000c0000000,0x00000000d80c1780,0x00000000d8100000)
 Metaspace       used 62867K, committed 64128K, reserved 1114112K
  class space    used 6680K, committed 7232K, reserved 1048576K
}
Event: 16,408 GC heap after
{Heap after GC invocations=249 (full 3):
 PSYoungGen      total 24576K, used 11171K [0x00000000eab00000, 0x00000000ed000000, 0x0000000100000000)
  eden space 13312K, 0% used [0x00000000eab00000,0x00000000eab00000,0x00000000eb800000)
  from space 11264K, 99% used [0x00000000ec500000,0x00000000ecfe8d18,0x00000000ed000000)
  to   space 12288K, 0% used [0x00000000eb800000,0x00000000eb800000,0x00000000ec400000)
 ParOldGen       total 406016K, used 405862K [0x00000000c0000000, 0x00000000d8c80000, 0x00000000eab00000)
  object space 406016K, 99% used [0x00000000c0000000,0x00000000d8c59bb8,0x00000000d8c80000)
 Metaspace       used 62867K, committed 64128K, reserved 1114112K
  class space    used 6680K, committed 7232K, reserved 1048576K
}

